[    0.000000] Linux version 4.15.0-154-generic (buildd@lcy01-amd64-011) (gcc version 7.5.0 (Ubuntu 7.5.0-3ubuntu1~18.04)) #161-Ubuntu SMP Fri Jul 30 13:04:17 UTC 2021 (Ubuntu 4.15.0-154.161-generic 4.15.18)
[    0.000000] Command line: BOOT_IMAGE=/boot/vmlinuz-4.15.0-154-generic root=LABEL=cloudimg-rootfs ro console=tty1 console=ttyS0
[    0.000000] KERNEL supported cpus:
[    0.000000]   Intel GenuineIntel
[    0.000000]   AMD AuthenticAMD
[    0.000000]   Centaur CentaurHauls
[    0.000000] x86/fpu: Supporting XSAVE feature 0x001: 'x87 floating point registers'
[    0.000000] x86/fpu: Supporting XSAVE feature 0x002: 'SSE registers'
[    0.000000] x86/fpu: Supporting XSAVE feature 0x004: 'AVX registers'
[    0.000000] x86/fpu: xstate_offset[2]:  576, xstate_sizes[2]:  256
[    0.000000] x86/fpu: Enabled xstate features 0x7, context size is 832 bytes, using 'standard' format.
[    0.000000] e820: BIOS-provided physical RAM map:
[    0.000000] BIOS-e820: [mem 0x0000000000000000-0x000000000009fbff] usable
[    0.000000] BIOS-e820: [mem 0x000000000009fc00-0x000000000009ffff] reserved
[    0.000000] BIOS-e820: [mem 0x00000000000f0000-0x00000000000fffff] reserved
[    0.000000] BIOS-e820: [mem 0x0000000000100000-0x00000000dffeffff] usable
[    0.000000] BIOS-e820: [mem 0x00000000dfff0000-0x00000000dfffffff] ACPI data
[    0.000000] BIOS-e820: [mem 0x00000000fec00000-0x00000000fec00fff] reserved
[    0.000000] BIOS-e820: [mem 0x00000000fee00000-0x00000000fee00fff] reserved
[    0.000000] BIOS-e820: [mem 0x00000000fffc0000-0x00000000ffffffff] reserved
[    0.000000] BIOS-e820: [mem 0x0000000100000000-0x000000011fffffff] usable
[    0.000000] NX (Execute Disable) protection: active
[    0.000000] SMBIOS 2.5 present.
[    0.000000] DMI: innotek GmbH VirtualBox/VirtualBox, BIOS VirtualBox 12/01/2006
[    0.000000] Hypervisor detected: KVM
[    0.000000] e820: last_pfn = 0x120000 max_arch_pfn = 0x400000000
[    0.000000] MTRR: Disabled
[    0.000000] x86/PAT: MTRRs disabled, skipping PAT initialization too.
[    0.000000] CPU MTRRs all blank - virtualized system.
[    0.000000] x86/PAT: Configuration [0-7]: WB  WT  UC- UC  WB  WT  UC- UC  
[    0.000000] e820: last_pfn = 0xdfff0 max_arch_pfn = 0x400000000
[    0.000000] found SMP MP-table at [mem 0x0009fff0-0x0009ffff]
[    0.000000] Scanning 1 areas for low memory corruption
[    0.000000] RAMDISK: [mem 0x359d1000-0x36cdffff]
[    0.000000] ACPI: Early table checksum verification disabled
[    0.000000] ACPI: RSDP 0x00000000000E0000 000024 (v02 VBOX  )
[    0.000000] ACPI: XSDT 0x00000000DFFF0030 00003C (v01 VBOX   VBOXXSDT 00000001 ASL  00000061)
[    0.000000] ACPI: FACP 0x00000000DFFF00F0 0000F4 (v04 VBOX   VBOXFACP 00000001 ASL  00000061)
[    0.000000] ACPI: DSDT 0x00000000DFFF0470 002325 (v02 VBOX   VBOXBIOS 00000002 INTL 20180105)
[    0.000000] ACPI: FACS 0x00000000DFFF0200 000040
[    0.000000] ACPI: FACS 0x00000000DFFF0200 000040
[    0.000000] ACPI: APIC 0x00000000DFFF0240 00005C (v02 VBOX   VBOXAPIC 00000001 ASL  00000061)
[    0.000000] ACPI: SSDT 0x00000000DFFF02A0 0001CC (v01 VBOX   VBOXCPUT 00000002 INTL 20180105)
[    0.000000] ACPI: Reserving FACP table memory at [mem 0xdfff00f0-0xdfff01e3]
[    0.000000] ACPI: Reserving DSDT table memory at [mem 0xdfff0470-0xdfff2794]
[    0.000000] ACPI: Reserving FACS table memory at [mem 0xdfff0200-0xdfff023f]
[    0.000000] ACPI: Reserving FACS table memory at [mem 0xdfff0200-0xdfff023f]
[    0.000000] ACPI: Reserving APIC table memory at [mem 0xdfff0240-0xdfff029b]
[    0.000000] ACPI: Reserving SSDT table memory at [mem 0xdfff02a0-0xdfff046b]
[    0.000000] No NUMA configuration found
[    0.000000] Faking a node at [mem 0x0000000000000000-0x000000011fffffff]
[    0.000000] NODE_DATA(0) allocated [mem 0x11ffd1000-0x11fffbfff]
[    0.000000] kvm-clock: cpu 0, msr 1:1ff50001, primary cpu clock
[    0.000000] kvm-clock: Using msrs 4b564d01 and 4b564d00
[    0.000000] kvm-clock: using sched offset of 3137733461 cycles
[    0.000000] clocksource: kvm-clock: mask: 0xffffffffffffffff max_cycles: 0x1cd42e4dffb, max_idle_ns: 881590591483 ns
[    0.000000] Zone ranges:
[    0.000000]   DMA      [mem 0x0000000000001000-0x0000000000ffffff]
[    0.000000]   DMA32    [mem 0x0000000001000000-0x00000000ffffffff]
[    0.000000]   Normal   [mem 0x0000000100000000-0x000000011fffffff]
[    0.000000]   Device   empty
[    0.000000] Movable zone start for each node
[    0.000000] Early memory node ranges
[    0.000000]   node   0: [mem 0x0000000000001000-0x000000000009efff]
[    0.000000]   node   0: [mem 0x0000000000100000-0x00000000dffeffff]
[    0.000000]   node   0: [mem 0x0000000100000000-0x000000011fffffff]
[    0.000000] Reserved but unavailable: 104 pages
[    0.000000] Initmem setup node 0 [mem 0x0000000000001000-0x000000011fffffff]
[    0.000000] ACPI: PM-Timer IO Port: 0x4008
[    0.000000] IOAPIC[0]: apic_id 2, version 32, address 0xfec00000, GSI 0-23
[    0.000000] ACPI: INT_SRC_OVR (bus 0 bus_irq 0 global_irq 2 dfl dfl)
[    0.000000] ACPI: INT_SRC_OVR (bus 0 bus_irq 9 global_irq 9 low level)
[    0.000000] Using ACPI (MADT) for SMP configuration information
[    0.000000] smpboot: Allowing 2 CPUs, 0 hotplug CPUs
[    0.000000] PM: Registered nosave memory: [mem 0x00000000-0x00000fff]
[    0.000000] PM: Registered nosave memory: [mem 0x0009f000-0x0009ffff]
[    0.000000] PM: Registered nosave memory: [mem 0x000a0000-0x000effff]
[    0.000000] PM: Registered nosave memory: [mem 0x000f0000-0x000fffff]
[    0.000000] PM: Registered nosave memory: [mem 0xdfff0000-0xdfffffff]
[    0.000000] PM: Registered nosave memory: [mem 0xe0000000-0xfebfffff]
[    0.000000] PM: Registered nosave memory: [mem 0xfec00000-0xfec00fff]
[    0.000000] PM: Registered nosave memory: [mem 0xfec01000-0xfedfffff]
[    0.000000] PM: Registered nosave memory: [mem 0xfee00000-0xfee00fff]
[    0.000000] PM: Registered nosave memory: [mem 0xfee01000-0xfffbffff]
[    0.000000] PM: Registered nosave memory: [mem 0xfffc0000-0xffffffff]
[    0.000000] e820: [mem 0xe0000000-0xfebfffff] available for PCI devices
[    0.000000] Booting paravirtualized kernel on KVM
[    0.000000] clocksource: refined-jiffies: mask: 0xffffffff max_cycles: 0xffffffff, max_idle_ns: 7645519600211568 ns
[    0.000000] random: get_random_bytes called from start_kernel+0x99/0x500 with crng_init=0
[    0.000000] setup_percpu: NR_CPUS:8192 nr_cpumask_bits:2 nr_cpu_ids:2 nr_node_ids:1
[    0.000000] percpu: Embedded 45 pages/cpu s147456 r8192 d28672 u1048576
[    0.000000] PV qspinlock hash table entries: 256 (order: 0, 4096 bytes)
[    0.000000] Built 1 zonelists, mobility grouping on.  Total pages: 1032057
[    0.000000] Policy zone: Normal
[    0.000000] Kernel command line: BOOT_IMAGE=/boot/vmlinuz-4.15.0-154-generic root=LABEL=cloudimg-rootfs ro console=tty1 console=ttyS0
[    0.000000] Memory: 4013328K/4193848K available (12300K kernel code, 2483K rwdata, 4320K rodata, 2448K init, 2724K bss, 180520K reserved, 0K cma-reserved)
[    0.000000] SLUB: HWalign=64, Order=0-3, MinObjects=0, CPUs=2, Nodes=1
[    0.000000] Kernel/User page tables isolation: enabled
[    0.000000] ftrace: allocating 39461 entries in 155 pages
[    0.004000] Hierarchical RCU implementation.
[    0.004000] 	RCU restricting CPUs from NR_CPUS=8192 to nr_cpu_ids=2.
[    0.004000] 	Tasks RCU enabled.
[    0.004000] RCU: Adjusting geometry for rcu_fanout_leaf=16, nr_cpu_ids=2
[    0.004000] NR_IRQS: 524544, nr_irqs: 440, preallocated irqs: 16
[    0.004000] Console: colour VGA+ 80x25
[    0.004000] console [tty1] enabled
[    0.004000] console [ttyS0] enabled
[    0.004000] ACPI: Core revision 20170831
[    0.004000] ACPI: 2 ACPI AML tables successfully acquired and loaded
[    0.004000] APIC: Switch to symmetric I/O mode setup
[    0.004000] x2apic enabled
[    0.004000] Switched APIC routing to physical x2apic.
[    0.004000] ..TIMER: vector=0x30 apic1=0 pin1=2 apic2=-1 pin2=-1
[    0.004006] tsc: Detected 2207.998 MHz processor
[    0.004613] Calibrating delay loop (skipped) preset value.. 4415.99 BogoMIPS (lpj=8831992)
[    0.005109] pid_max: default: 32768 minimum: 301
[    0.005766] Security Framework initialized
[    0.006381] Yama: becoming mindful.
[    0.008020] AppArmor: AppArmor initialized
[    0.010293] Dentry cache hash table entries: 524288 (order: 10, 4194304 bytes)
[    0.012000] Inode-cache hash table entries: 262144 (order: 9, 2097152 bytes)
[    0.012020] Mount-cache hash table entries: 8192 (order: 4, 65536 bytes)
[    0.012934] Mountpoint-cache hash table entries: 8192 (order: 4, 65536 bytes)
[    0.014149] Last level iTLB entries: 4KB 128, 2MB 8, 4MB 8
[    0.016002] Last level dTLB entries: 4KB 64, 2MB 0, 4MB 0, 1GB 4
[    0.016820] Spectre V1 : Mitigation: usercopy/swapgs barriers and __user pointer sanitization
[    0.017996] Spectre V2 : Mitigation: Full generic retpoline
[    0.018758] Spectre V2 : Spectre v2 / SpectreRSB mitigation: Filling RSB on context switch
[    0.020004] Speculative Store Bypass: Vulnerable
[    0.020705] MDS: Vulnerable: Clear CPU buffers attempted, no microcode
[    0.021760] Freeing SMP alternatives memory: 36K
[    0.133673] smpboot: CPU0: Intel(R) Core(TM) i3-8121U CPU @ 2.20GHz (family: 0x6, model: 0x66, stepping: 0x3)
[    0.135234] Performance Events: unsupported p6 CPU model 102 no PMU driver, software events only.
[    0.136086] Hierarchical SRCU implementation.
[    0.137382] NMI watchdog: Perf event create on CPU 0 failed with -2
[    0.138629] NMI watchdog: Perf NMI watchdog permanently disabled
[    0.140088] smp: Bringing up secondary CPUs ...
[    0.141825] x86: Booting SMP configuration:
[    0.142625] .... node  #0, CPUs:      #1
[    0.004000] kvm-clock: cpu 1, msr 1:1ff50041, secondary cpu clock
[    0.166486] smp: Brought up 1 node, 2 CPUs
[    0.168064] smpboot: Max logical packages: 1
[    0.169109] smpboot: Total of 2 processors activated (8831.99 BogoMIPS)
[    0.172205] devtmpfs: initialized
[    0.172992] x86/mm: Memory block size: 128MB
[    0.174768] evm: security.selinux
[    0.176005] evm: security.SMACK64
[    0.176988] evm: security.SMACK64EXEC
[    0.177906] evm: security.SMACK64TRANSMUTE
[    0.178952] evm: security.SMACK64MMAP
[    0.179845] evm: security.apparmor
[    0.180003] evm: security.ima
[    0.180694] evm: security.capability
[    0.181711] clocksource: jiffies: mask: 0xffffffff max_cycles: 0xffffffff, max_idle_ns: 7645041785100000 ns
[    0.184035] futex hash table entries: 512 (order: 3, 32768 bytes)
[    0.184895] pinctrl core: initialized pinctrl subsystem
[    0.188111] RTC time: 17:44:47, date: 10/03/21
[    0.188848] NET: Registered protocol family 16
[    0.189504] audit: initializing netlink subsys (disabled)
[    0.190298] audit: type=2000 audit(1633283091.913:1): state=initialized audit_enabled=0 res=1
[    0.192015] cpuidle: using governor ladder
[    0.192613] cpuidle: using governor menu
[    0.193214] ACPI: bus type PCI registered
[    0.193793] acpiphp: ACPI Hot Plug PCI Controller Driver version: 0.5
[    0.194745] PCI: Using configuration type 1 for base access
[    0.196529] HugeTLB registered 2.00 MiB page size, pre-allocated 0 pages
[    0.196949] ACPI: Added _OSI(Module Device)
[    0.197562] ACPI: Added _OSI(Processor Device)
[    0.200017] ACPI: Added _OSI(3.0 _SCP Extensions)
[    0.204002] ACPI: Added _OSI(Processor Aggregator Device)
[    0.204746] ACPI: Added _OSI(Linux-Dell-Video)
[    0.205361] ACPI: Added _OSI(Linux-Lenovo-NV-HDMI-Audio)
[    0.206080] ACPI: Added _OSI(Linux-HPI-Hybrid-Graphics)
[    0.207131] ACPI: Executed 1 blocks of module-level executable AML code
[    0.210967] ACPI: Interpreter enabled
[    0.212000] ACPI: (supports S0 S5)
[    0.212000] ACPI: Using IOAPIC for interrupt routing
[    0.212235] PCI: Using host bridge windows from ACPI; if necessary, use "pci=nocrs" and report a bug
[    0.213631] ACPI: Enabled 2 GPEs in block 00 to 07
[    0.219418] ACPI: PCI Root Bridge [PCI0] (domain 0000 [bus 00-ff])
[    0.220007] acpi PNP0A03:00: _OSC: OS supports [ASPM ClockPM Segments MSI]
[    0.221369] acpi PNP0A03:00: _OSC: not requesting OS control; OS requires [ExtendedConfig ASPM ClockPM MSI]
[    0.222842] acpi PNP0A03:00: fail to add MMCONFIG information, can't access extended PCI configuration space under this bridge.
[    0.224393] PCI host bridge to bus 0000:00
[    0.224969] pci_bus 0000:00: root bus resource [io  0x0000-0x0cf7 window]
[    0.225951] pci_bus 0000:00: root bus resource [io  0x0d00-0xffff window]
[    0.228002] pci_bus 0000:00: root bus resource [mem 0x000a0000-0x000bffff window]
[    0.229048] pci_bus 0000:00: root bus resource [mem 0xe0000000-0xfdffffff window]
[    0.230094] pci_bus 0000:00: root bus resource [bus 00-ff]
[    0.232450] pci 0000:00:01.1: legacy IDE quirk: reg 0x10: [io  0x01f0-0x01f7]
[    0.233410] pci 0000:00:01.1: legacy IDE quirk: reg 0x14: [io  0x03f6]
[    0.234305] pci 0000:00:01.1: legacy IDE quirk: reg 0x18: [io  0x0170-0x0177]
[    0.235330] pci 0000:00:01.1: legacy IDE quirk: reg 0x1c: [io  0x0376]
[    0.272643] pci 0000:00:07.0: quirk: [io  0x4000-0x403f] claimed by PIIX4 ACPI
[    0.273698] pci 0000:00:07.0: quirk: [io  0x4100-0x410f] claimed by PIIX4 SMB
[    0.309136] ACPI: PCI Interrupt Link [LNKA] (IRQs 5 9 10 *11)
[    0.310199] ACPI: PCI Interrupt Link [LNKB] (IRQs 5 9 *10 11)
[    0.311101] ACPI: PCI Interrupt Link [LNKC] (IRQs 5 *9 10 11)
[    0.312000] ACPI: PCI Interrupt Link [LNKD] (IRQs 5 9 10 *11)
[    0.312379] SCSI subsystem initialized
[    0.312984] pci 0000:00:02.0: vgaarb: setting as boot VGA device
[    0.312984] pci 0000:00:02.0: vgaarb: VGA device added: decodes=io+mem,owns=io+mem,locks=none
[    0.314038] pci 0000:00:02.0: vgaarb: bridge control possible
[    0.316008] vgaarb: loaded
[    0.316493] ACPI: bus type USB registered
[    0.317090] usbcore: registered new interface driver usbfs
[    0.317855] usbcore: registered new interface driver hub
[    0.318600] usbcore: registered new device driver usb
[    0.320058] EDAC MC: Ver: 3.0.0
[    0.320689] PCI: Using ACPI for IRQ routing
[    0.321487] NetLabel: Initializing
[    0.322034] NetLabel:  domain hash size = 128
[    0.322661] NetLabel:  protocols = UNLABELED CIPSOv4 CALIPSO
[    0.324024] NetLabel:  unlabeled traffic allowed by default
[    0.324839] clocksource: Switched to clocksource kvm-clock
[    0.335774] VFS: Disk quotas dquot_6.6.0
[    0.336426] VFS: Dquot-cache hash table entries: 512 (order 0, 4096 bytes)
[    0.337437] AppArmor: AppArmor Filesystem Enabled
[    0.338145] pnp: PnP ACPI init
[    0.339463] pnp: PnP ACPI: found 3 devices
[    0.347835] clocksource: acpi_pm: mask: 0xffffff max_cycles: 0xffffff, max_idle_ns: 2085701024 ns
[    0.349124] NET: Registered protocol family 2
[    0.350847] TCP established hash table entries: 32768 (order: 6, 262144 bytes)
[    0.353348] TCP bind hash table entries: 32768 (order: 7, 524288 bytes)
[    0.354305] TCP: Hash tables configured (established 32768 bind 32768)
[    0.355224] UDP hash table entries: 2048 (order: 4, 65536 bytes)
[    0.356117] UDP-Lite hash table entries: 2048 (order: 4, 65536 bytes)
[    0.357052] NET: Registered protocol family 1
[    0.357731] pci 0000:00:00.0: Limiting direct PCI/PCI transfers
[    0.358562] pci 0000:00:01.0: Activating ISA DMA hang workarounds
[    0.359472] pci 0000:00:02.0: Video device with shadowed ROM at [mem 0x000c0000-0x000dffff]
[    0.360731] Unpacking initramfs...
[    0.626269] Freeing initrd memory: 19516K
[    0.626925] PCI-DMA: Using software bounce buffering for IO (SWIOTLB)
[    0.627744] software IO TLB: mapped [mem 0xdbff0000-0xdfff0000] (64MB)
[    0.628698] clocksource: tsc: mask: 0xffffffffffffffff max_cycles: 0x1fd3b6211b4, max_idle_ns: 440795230313 ns
[    0.630142] platform rtc_cmos: registered platform RTC device (no PNP device found)
[    0.631186] Scanning for low memory corruption every 60 seconds
[    0.632526] Initialise system trusted keyrings
[    0.633152] Key type blacklist registered
[    0.633772] workingset: timestamp_bits=36 max_order=20 bucket_order=0
[    0.635441] zbud: loaded
[    0.636266] squashfs: version 4.0 (2009/01/31) Phillip Lougher
[    0.637186] fuse init (API version 7.26)
[    0.641299] Key type asymmetric registered
[    0.641881] Asymmetric key parser 'x509' registered
[    0.642567] Block layer SCSI generic (bsg) driver version 0.4 loaded (major 246)
[    0.643614] io scheduler noop registered
[    0.644181] io scheduler deadline registered
[    0.644795] io scheduler cfq registered (default)
[    0.645684] ACPI: AC Adapter [AC] (on-line)
[    0.646312] input: Power Button as /devices/LNXSYSTM:00/LNXPWRBN:00/input/input0
[    0.647347] ACPI: Power Button [PWRF]
[    0.647917] input: Sleep Button as /devices/LNXSYSTM:00/LNXSLPBN:00/input/input1
[    0.649038] ACPI: Sleep Button [SLPF]
[    0.649821] Serial: 8250/16550 driver, 32 ports, IRQ sharing enabled
[    0.671270] 00:02: ttyS0 at I/O 0x3f8 (irq = 4, base_baud = 115200) is a 16550A
[    0.674564] Linux agpgart interface v0.103
[    0.676445] loop: module loaded
[    0.677453] scsi host0: ata_piix
[    0.678037] scsi host1: ata_piix
[    0.678545] ata1: PATA max UDMA/33 cmd 0x1f0 ctl 0x3f6 bmdma 0xd000 irq 14
[    0.679472] ata2: PATA max UDMA/33 cmd 0x170 ctl 0x376 bmdma 0xd008 irq 15
[    0.680669] libphy: Fixed MDIO Bus: probed
[    0.681323] tun: Universal TUN/TAP device driver, 1.6
[    0.682086] PPP generic driver version 2.4.2
[    0.682751] ehci_hcd: USB 2.0 'Enhanced' Host Controller (EHCI) Driver
[    0.683638] ehci-pci: EHCI PCI platform driver
[    0.684304] ehci-platform: EHCI generic platform driver
[    0.685036] ohci_hcd: USB 1.1 'Open' Host Controller (OHCI) Driver
[    0.686884] ohci-pci: OHCI PCI platform driver
[    0.688285] ohci-platform: OHCI generic platform driver
[    0.689544] uhci_hcd: USB Universal Host Controller Interface driver
[    0.690478] i8042: PNP: PS/2 Controller [PNP0303:PS2K,PNP0f03:PS2M] at 0x60,0x64 irq 1,12
[    0.691973] serio: i8042 KBD port at 0x60,0x64 irq 1
[    0.692767] serio: i8042 AUX port at 0x60,0x64 irq 12
[    0.693567] mousedev: PS/2 mouse device common for all mice
[    0.694734] input: AT Translated Set 2 keyboard as /devices/platform/i8042/serio0/input/input2
[    0.696621] rtc_cmos rtc_cmos: rtc core: registered rtc_cmos as rtc0
[    0.697582] rtc_cmos rtc_cmos: alarms up to one day, 114 bytes nvram
[    0.698489] i2c /dev entries driver
[    0.699067] device-mapper: uevent: version 1.0.3
[    0.699772] device-mapper: ioctl: 4.37.0-ioctl (2017-09-20) initialised: dm-devel@redhat.com
[    0.701064] ledtrig-cpu: registered to indicate activity on CPUs
[    0.702235] NET: Registered protocol family 10
[    0.705748] Segment Routing with IPv6
[    0.706284] NET: Registered protocol family 17
[    0.706930] Key type dns_resolver registered
[    0.707630] mce: Using 0 MCE banks
[    0.708157] RAS: Correctable Errors collector initialized.
[    0.708985] sched_clock: Marking stable (708966161, 0)->(909926612, -200960451)
[    0.710331] registered taskstats version 1
[    0.710938] Loading compiled-in X.509 certificates
[    0.713488] Loaded X.509 cert 'Build time autogenerated kernel key: 369b16149153afe509b010c5493c788cd1d7da9f'
[    0.715404] Loaded X.509 cert 'Canonical Ltd. Live Patch Signing: 14df34d1a87cf37625abec039ef2bf521249b969'
[    0.717317] Loaded X.509 cert 'Canonical Ltd. Kernel Module Signing: 88f752e560a1e0737e31163a466ad7b70a850c19'
[    0.718724] zswap: loaded using pool lzo/zbud
[    0.722006] Key type big_key registered
[    0.722547] Key type trusted registered
[    0.724331] Key type encrypted registered
[    0.724884] AppArmor: AppArmor sha1 policy hashing enabled
[    0.725624] ima: No TPM chip found, activating TPM-bypass! (rc=-19)
[    0.726435] ima: Allocated hash algorithm: sha1
[    0.727093] evm: HMAC attrs: 0x1
[    0.727808]   Magic number: 9:736:743
[    0.728469] rtc_cmos rtc_cmos: setting system clock to 2021-10-03 17:44:48 UTC (1633283088)
[    0.729686] BIOS EDD facility v0.16 2004-Jun-25, 0 devices found
[    0.730490] EDD information not available.
[    0.868952] Freeing unused kernel image memory: 2448K
[    0.876273] Write protecting the kernel read-only data: 20480k
[    0.879372] Freeing unused kernel image memory: 2008K
[    0.881631] Freeing unused kernel image memory: 1824K
[    0.891782] x86/mm: Checked W+X mappings: passed, no W+X pages found.
[    0.893053] x86/mm: Checking user space page tables
[    0.899915] x86/mm: Checked W+X mappings: passed, no W+X pages found.
Loading, please wait...
starting version 237
[    0.954185] Fusion MPT base driver 3.04.20
[    0.955102] Copyright (c) 1999-2008 LSI Corporation
[    0.959930] e1000: Intel(R) PRO/1000 Network Driver - version 7.3.21-k8-NAPI
[    0.960977] e1000: Copyright (c) 1999-2006 Intel Corporation.
[    0.969230] Fusion MPT SPI Host driver 3.04.20
[    0.973966] AVX2 version of gcm_enc/dec engaged.
[    0.974965] AES CTR mode by8 optimization enabled
[    1.193639] input: ImExPS/2 Generic Explorer Mouse as /devices/platform/i8042/serio1/input/input4
[    1.566969] e1000 0000:00:03.0 eth0: (PCI:33MHz:32-bit) 02:a8:11:72:c5:97
[    1.568594] e1000 0000:00:03.0 eth0: Intel(R) PRO/1000 Network Connection
[    2.681891] e1000 0000:00:08.0 eth1: (PCI:33MHz:32-bit) 08:00:27:f3:b5:a4
[    2.683641] e1000 0000:00:08.0 eth1: Intel(R) PRO/1000 Network Connection
[    2.686474] mptbase: ioc0: Initiating bringup
[    2.780919] ioc0: LSI53C1030 A0: Capabilities={Initiator}
[    3.025425] scsi host2: ioc0: LSI53C1030 A0, FwRev=00000000h, Ports=1, MaxQ=256, IRQ=20
[    3.197376] scsi 2:0:0:0: Direct-Access     VBOX     HARDDISK         1.0  PQ: 0 ANSI: 5
[    3.228329] scsi target2:0:0: Beginning Domain Validation
[    3.233682] scsi target2:0:0: Domain Validation skipping write tests
[    3.236694] scsi target2:0:0: Ending Domain Validation
[    3.242148] scsi target2:0:0: asynchronous
[    3.244355] scsi 2:0:1:0: Direct-Access     VBOX     HARDDISK         1.0  PQ: 0 ANSI: 5
[    3.536053] scsi target2:0:1: Beginning Domain Validation
[    3.537591] random: fast init done
[    3.538171] scsi target2:0:1: Domain Validation skipping write tests
[    3.538986] scsi target2:0:1: Ending Domain Validation
[    3.539696] scsi target2:0:1: asynchronous
[    3.543126] random: systemd-udevd: uninitialized urandom read (16 bytes read)
[    3.543863] sd 2:0:0:0: Attached scsi generic sg0 type 0
[    3.544239] sd 2:0:0:0: [sda] 83886080 512-byte logical blocks: (42.9 GB/40.0 GiB)
[    3.546095] sd 2:0:1:0: Attached scsi generic sg1 type 0
[    3.548863] random: systemd-udevd: uninitialized urandom read (16 bytes read)
[    3.550939] sd 2:0:0:0: [sda] Write Protect is off
[    3.551742] random: systemd-udevd: uninitialized urandom read (16 bytes read)
[    3.551750] sd 2:0:1:0: [sdb] 20480 512-byte logical blocks: (10.5 MB/10.0 MiB)
[    3.553871] sd 2:0:0:0: [sda] Incomplete mode parameter data
[    3.553878] sd 2:0:1:0: [sdb] Write Protect is off
[    3.554694] sd 2:0:0:0: [sda] Assuming drive cache: write through
[    3.556888] sd 2:0:1:0: [sdb] Incomplete mode parameter data
[    3.557870] sd 2:0:1:0: [sdb] Assuming drive cache: write through
[    3.560293]  sda: sda1
[    3.561344] sd 2:0:0:0: [sda] Attached SCSI disk
[    3.562023] sd 2:0:1:0: [sdb] Attached SCSI disk
[    3.584092] e1000 0000:00:09.0 eth2: (PCI:33MHz:32-bit) 08:00:27:46:34:76
[    3.585138] e1000 0000:00:09.0 eth2: Intel(R) PRO/1000 Network Connection
[    3.587169] e1000 0000:00:09.0 enp0s9: renamed from eth2
[    3.612232] e1000 0000:00:08.0 enp0s8: renamed from eth1
[    3.633766] e1000 0000:00:03.0 enp0s3: renamed from eth0
Begin: Loading essential drivers ... [    5.129519] raid6: sse2x1   gen() 11190 MB/s
[    5.191581] raid6: sse2x1   xor()  9798 MB/s
[    5.259850] raid6: sse2x2   gen() 16284 MB/s
[    5.313267] raid6: sse2x2   xor()  9339 MB/s
[    5.368013] raid6: sse2x4   gen() 16309 MB/s
[    5.424137] raid6: sse2x4   xor() 10729 MB/s
[    5.472513] raid6: avx2x1   gen() 20771 MB/s
[    5.525241] raid6: avx2x1   xor() 16926 MB/s
[    5.585187] raid6: avx2x2   gen() 33634 MB/s
[    5.639864] raid6: avx2x2   xor() 19333 MB/s
[    5.688431] raid6: avx2x4   gen() 27851 MB/s
[    5.736135] raid6: avx2x4   xor() 14979 MB/s
[    5.737284] raid6: using algorithm avx2x2 gen() 33634 MB/s
[    5.738658] raid6: .... xor() 19333 MB/s, rmw enabled
[    5.739995] raid6: using avx2x2 recovery algorithm
[    5.749382] xor: automatically using best checksumming function   avx       
[    5.751052] async_tx: api initialized (async)
done.
Begin: Running /scripts/init-premount ... done.
Begin: Mounting root file system ... Begin: Running /scripts/local-top ... done.
Begin: Running /scripts/local-premount ... [    5.794507] Btrfs loaded, crc32c=crc32c-intel
Scanning for Btrfs filesystems
done.
Warning: fsck not present, so skipping root file system
[    5.816042] EXT4-fs (sda1): mounted filesystem with ordered data mode. Opts: (null)
done.
Begin: Running /scripts/local-bottom ... done.
Begin: Running /scripts/init-bottom ... done.
[    5.964888] ip_tables: (C) 2000-2006 Netfilter Core Team
[    5.972198] systemd[1]: systemd 237 running in system mode. (+PAM +AUDIT +SELINUX +IMA +APPARMOR +SMACK +SYSVINIT +UTMP +LIBCRYPTSETUP +GCRYPT +GNUTLS +ACL +XZ +LZ4 +SECCOMP +BLKID +ELFUTILS +KMOD -IDN2 +IDN -PCRE2 default-hierarchy=hybrid)
[    5.975115] systemd[1]: Detected virtualization oracle.
[    5.975851] systemd[1]: Detected architecture x86-64.

Welcome to [1mUbuntu 18.04.5 LTS[0m!

[    5.980984] systemd[1]: Set hostname to <ubuntu>.
[    5.982972] systemd[1]: Initializing machine ID from random generator.
[    5.983839] systemd[1]: Installed transient /etc/machine-id file.
[    6.202236] systemd[1]: Reached target Swap.
[[0;32m  OK  [0m] Reached target Swap.
[    6.203338] systemd[1]: Started Forward Password Requests to Wall Directory Watch.
[[0;32m  OK  [0m] Started Forward Password Requests to Wall Directory Watch.
[    6.206306] systemd[1]: Created slice User and Session Slice.
[[0;32m  OK  [0m] Created slice User and Session Slice.
[    6.207663] systemd[1]: Reached target User and Group Name Lookups.
[[0;32m  OK  [0m] Reached target User and Group Name Lookups.
[[0;32m  OK  [0m] Reached target System Time Synchronized.
[[0;32m  OK  [0m] Created slice System Slice.
[[0;32m  OK  [0m] Listening on Device-mapper event daemon FIFOs.
[[0;32m  OK  [0m] Listening on Network Service Netlink Socket.
[[0;32m  OK  [0m] Listening on Journal Audit Socket.
[[0;32m  OK  [0m] Listening on LVM2 poll daemon socket.
[[0;32m  OK  [0m] Reached target Slices.
[[0;32m  OK  [0m] Listening on Journal Socket (/dev/log).
[[0;32m  OK  [0m] Listening on /dev/initctl Compatibility Named Pipe.
[[0;32m  OK  [0m] Listening on fsck to fsckd communication Socket.
[[0;32m  OK  [0m] Listening on Journal Socket.
         Starting Set the console keyboard layout...
         Starting Create list of required st…ce nodes for the current kernel...
         Starting File System Check on Root Device...
         Starting Load Kernel Modules...
         Mounting Kernel Debug File System...
[[0;32m  OK  [0m] Listening on udev Kernel Socket.
[[0;32m  OK  [0m] Listening on Syslog Socket.
         Mounting Huge Pages File System...
[[0;32m  OK  [0m] Listening on LVM2 metadata daemon socket.
         Starting Monitoring of LVM2 mirrors…ng dmeventd or progress polling...
         Mounting POSIX Message Queue File System...
         Starting Journal Service...
[[0;32m  OK  [0m] Set up automount Arbitrary Executab…rmats File System Automount Point.
[    6.256201] Loading iSCSI transport class v2.0-870.
[    6.264088] iscsi: registered transport (tcp)
[[0;32m  OK  [0m] Listening on udev Control Socket.
         Starting udev Coldplug all Devices...
         Starting Uncomplicated firewall...
[[0;32m  OK  [0m] Created slice system-serial\x2dgetty.slice.
[[0;32m  OK  [0m] Started Create list of required sta…vice nodes for the current kernel.
[[0;32m  OK  [0m] Started File System Check Daemon to report status.
         Starting Create Static Device Nodes in /dev...
[[0;32m  OK  [0m] Started File System Check on Root Device.
         Starting Remount Root and Kernel File Systems...
[[0;32m  OK  [0m] Started Journal Service.
[[0;32m  OK  [0m] Started LVM2 metadata daemon.
[    6.352639] iscsi: registered transport (iser)
[[0;32m  OK  [0m] Started Load Kernel Modules.
         Mounting Kernel Configuration File System...
         Starting Apply Kernel Variables...
         Mounting FUSE Control File System...
[[0;32m  OK  [0m] Mounted Kernel Debug File System.
[[0;32m  OK  [0m] Mounted Huge Pages File System.
[[0;32m  OK  [0m] Mounted POSIX Message Queue File System.
[[0;32m  OK  [0m] Mounted Kernel Configuration File System.
[[0;32m  OK  [0m] Mounted FUSE Control File System.
[[0;32m  OK  [0m] Started Uncomplicated firewall.
[[0;32m  OK  [0m] Started Create Static Device Nodes in /dev.
[[0;32m  OK  [0m] Started udev Coldplug all Devices.
[[0;32m  OK  [0m] Started Remount Root and Kernel File Systems.
         Starting udev Kernel Device Manager...
         Starting Load/Save Random Seed...
         Starting Flush Journal to Persistent Storage...
[[0;32m  OK  [0m] Started Apply Kernel Variables.
[[0;32m  OK  [0m] Started Load/Save Random Seed.
[[0;32m  OK  [0m] Started udev Kernel Device Manager.
[[0;32m  OK  [0m] Started Monitoring of LVM2 mirrors,…sing dmeventd or progress polling.
[[0;32m  OK  [0m] Started Flush Journal to Persistent Storage.
[[0;32m  OK  [0m] Found device /dev/ttyS0.
[[0;32m  OK  [0m] Listening on Load/Save RF Kill Switch Status /dev/rfkill Watch.
[[0;32m  OK  [0m] Started Set the console keyboard layout.
[[0;32m  OK  [0m] Started Dispatch Password Requests to Console Directory Watch.
[[0;32m  OK  [0m] Reached target Local Encrypted Volumes.
[[0;32m  OK  [0m] Reached target Local File Systems (Pre).
[[0;32m  OK  [0m] Reached target Local File Systems.
         Starting ebtables ruleset management...
         Starting Commit a transient machine-id on disk...
         Starting AppArmor initialization...
         Starting Tell Plymouth To Write Out Runtime Data...
         Starting Create Volatile Files and Directories...
         Starting Set console font and keymap...
[[0;32m  OK  [0m] Started Tell Plymouth To Write Out Runtime Data.
[[0;32m  OK  [0m] Started Set console font and keymap.
[[0;32m  OK  [0m] Started Create Volatile Files and Directories.
         Starting Update UTMP about System Boot/Shutdown...
[[0;32m  OK  [0m] Started Update UTMP about System Boot/Shutdown.
[[0;32m  OK  [0m] Started Commit a transient machine-id on disk.
[[0;32m  OK  [0m] Started ebtables ruleset management.
[[0;32m  OK  [0m] Started AppArmor initialization.
         Starting Load AppArmor profiles managed internally by snapd...
         Starting Initial cloud-init job (pre-networking)...
[[0;32m  OK  [0m] Started Load AppArmor profiles managed internally by snapd.
[    8.937327] cloud-init[674]: Cloud-init v. 21.2-3-g899bfaa9-0ubuntu2~18.04.1 running 'init-local' at Sun, 03 Oct 2021 17:44:56 +0000. Up 8.62 seconds.
[[0;32m  OK  [0m] Started Initial cloud-init job (pre-networking).
[[0;32m  OK  [0m] Reached target Network (Pre).
         Starting Network Service...
[[0;32m  OK  [0m] Started Network Service.
         Starting Network Name Resolution...
         Starting Wait for Network to be Configured...
[[0;32m  OK  [0m] Started Network Name Resolution.
[[0;32m  OK  [0m] Reached target Network.
[[0;32m  OK  [0m] Reached target Host and Network Name Lookups.
[[0;32m  OK  [0m] Started Wait for Network to be Configured.
         Starting Initial cloud-init job (metadata service crawler)...
[   10.704498] cloud-init[785]: Cloud-init v. 21.2-3-g899bfaa9-0ubuntu2~18.04.1 running 'init' at Sun, 03 Oct 2021 17:44:58 +0000. Up 10.57 seconds.
[   10.705988] cloud-init[785]: ci-info: ++++++++++++++++++++++++++++++++++++++Net device info+++++++++++++++++++++++++++++++++++++++
[   10.707106] cloud-init[785]: ci-info: +--------+-------+----------------------------+---------------+--------+-------------------+
[   10.708955] cloud-init[785]: ci-info: | Device |   Up  |          Address           |      Mask     | Scope  |     Hw-Address    |
[   10.710089] cloud-init[785]: ci-info: +--------+-------+----------------------------+---------------+--------+-------------------+
[   10.711252] cloud-init[785]: ci-info: | enp0s3 |  True |         10.0.2.15          | 255.255.255.0 | global | 02:a8:11:72:c5:97 |
[   10.712384] cloud-init[785]: ci-info: | enp0s3 |  True | fe80::a8:11ff:fe72:c597/64 |       .       |  link  | 02:a8:11:72:c5:97 |
[   10.713500] cloud-init[785]: ci-info: | enp0s8 | False |             .              |       .       |   .    | 08:00:27:f3:b5:a4 |
[   10.714789] cloud-init[785]: ci-info: | enp0s9 | False |             .              |       .       |   .    | 08:00:27:46:34:76 |
[   10.715889] cloud-init[785]: ci-info: |   lo   |  True |         127.0.0.1          |   255.0.0.0   |  host  |         .         |
[   10.717060] cloud-init[785]: ci-info: |   lo   |  True |          ::1/128           |       .       |  host  |         .         |
[   10.718243] cloud-init[785]: ci-info: +--------+-------+----------------------------+---------------+--------+-------------------+
[   10.719336] cloud-init[785]: ci-info: ++++++++++++++++++++++++++++Route IPv4 info+++++++++++++++++++++++++++++
[   10.720242] cloud-init[785]: ci-info: +-------+-------------+----------+-----------------+-----------+-------+
[   10.721235] cloud-init[785]: ci-info: | Route | Destination | Gateway  |     Genmask     | Interface | Flags |
[   10.722162] cloud-init[785]: ci-info: +-------+-------------+----------+-----------------+-----------+-------+
[   10.723116] cloud-init[785]: ci-info: |   0   |   0.0.0.0   | 10.0.2.2 |     0.0.0.0     |   enp0s3  |   UG  |
[   10.724064] cloud-init[785]: ci-info: |   1   |   10.0.2.0  | 0.0.0.0  |  255.255.255.0  |   enp0s3  |   U   |
[   10.724993] cloud-init[785]: ci-info: |   2   |   10.0.2.2  | 0.0.0.0  | 255.255.255.255 |   enp0s3  |   UH  |
[   10.725943] cloud-init[785]: ci-info: +-------+-------------+----------+-----------------+-----------+-------+
[   10.728387] cloud-init[785]: ci-info: +++++++++++++++++++Route IPv6 info+++++++++++++++++++
[   10.729247] cloud-init[785]: ci-info: +-------+-------------+---------+-----------+-------+
[   10.730089] cloud-init[785]: ci-info: | Route | Destination | Gateway | Interface | Flags |
[   10.730874] cloud-init[785]: ci-info: +-------+-------------+---------+-----------+-------+
[   10.731705] cloud-init[785]: ci-info: |   1   |  fe80::/64  |    ::   |   enp0s3  |   U   |
[   10.732541] cloud-init[785]: ci-info: |   3   |    local    |    ::   |   enp0s3  |   U   |
[   10.733347] cloud-init[785]: ci-info: |   4   |   ff00::/8  |    ::   |   enp0s3  |   U   |
[   10.734175] cloud-init[785]: ci-info: +-------+-------------+---------+-----------+-------+
[   12.813236] cloud-init[785]: Generating public/private rsa key pair.
[   12.824334] cloud-init[785]: Your identification has been saved in /etc/ssh/ssh_host_rsa_key.
[   12.831720] cloud-init[785]: Your public key has been saved in /etc/ssh/ssh_host_rsa_key.pub.
[   12.840432] cloud-init[785]: The key fingerprint is:
[   12.846014] cloud-init[785]: SHA256:wzmCFFOBlG0zn1bdNPsPfMZTi99EHmlb/RPDvayhheE root@ubuntu-bionic
[   12.846984] cloud-init[785]: The key's randomart image is:
[   12.847554] cloud-init[785]: +---[RSA 2048]----+
[   12.848077] cloud-init[785]: |   .+=o.   . oo  |
[   12.848567] cloud-init[785]: |    oo=   . . oo+|
[   12.849061] cloud-init[785]: |    .. + o .  .B*|
[   12.849542] cloud-init[785]: |   . . .+.. o.+=@|
[   12.850039] cloud-init[785]: |    . ..S  E +oBO|
[   12.850534] cloud-init[785]: |       . o  o +==|
[   12.851039] cloud-init[785]: |           . . .o|
[   12.851530] cloud-init[785]: |                 |
[   12.852032] cloud-init[785]: |                 |
[   12.852535] cloud-init[785]: +----[SHA256]-----+
[   12.853033] cloud-init[785]: Generating public/private dsa key pair.
[   12.853777] cloud-init[785]: Your identification has been saved in /etc/ssh/ssh_host_dsa_key.
[   12.854711] cloud-init[785]: Your public key has been saved in /etc/ssh/ssh_host_dsa_key.pub.
[   12.855569] cloud-init[785]: The key fingerprint is:
[   12.856134] cloud-init[785]: SHA256:rQ2YFF1xDrVAqgIotEF6yyOuzCwgwwNWPVDNmCpcE7Y root@ubuntu-bionic
[   12.857273] cloud-init[785]: The key's randomart image is:
[   12.858113] cloud-init[785]: +---[DSA 1024]----+
[   12.871064] cloud-init[785]: |.+ +=.*. o*oo    |
[   12.871606] cloud-init[785]: |o.++.= +.. = .   |
[   12.872129] cloud-init[785]: |=.=Eo o .   o    |
[   12.872623] cloud-init[785]: |o* + . + .       |
[   12.873110] cloud-init[785]: |= = . + S .      |
[   12.873827] cloud-init[785]: |=+ . .   +       |
[   12.874332] cloud-init[785]: |oo.     . .      |
[   12.874824] cloud-init[785]: |*                |
[   12.875315] cloud-init[785]: |o+               |
[   12.875808] cloud-init[785]: +----[SHA256]-----+
[   12.876309] cloud-init[785]: Generating public/private ecdsa key pair.
[   12.878709] cloud-init[785]: Your identification has been saved in /etc/ssh/ssh_host_ecdsa_key.
[   12.880246] cloud-init[785]: Your public key has been saved in /etc/ssh/ssh_host_ecdsa_key.pub.
[   12.881536] cloud-init[785]: The key fingerprint is:
[   12.882070] cloud-init[785]: SHA256:yzlfe5LDjNMuEMeN3PbQp3MxSoPZTK0qmnfrnqyTujU root@ubuntu-bionic
[   12.883293] cloud-init[785]: The key's randomart image is:
[   12.883877] cloud-init[785]: +---[ECDSA 256]---+
[   12.884422] cloud-init[785]: |              .  |
[   12.884915] cloud-init[785]: |             . . |
[   12.885420] cloud-init[785]: |         o +*..  |
[   12.885997] cloud-init[785]: |        . =o=*.o.|
[   12.886498] cloud-init[785]: |        So .ooooo|
[   12.886992] cloud-init[785]: |       ..+ . .+ .|
[   12.887478] cloud-init[785]: |        BEo=.. o |
[   12.887974] cloud-init[785]: |       o.**oO..  |
[   12.888490] cloud-init[785]: |       o+.BX++   |
[   12.888980] cloud-init[785]: +----[SHA256]-----+
[   12.889455] cloud-init[785]: Generating public/private ed25519 key pair.
[   12.890103] cloud-init[785]: Your identification has been saved in /etc/ssh/ssh_host_ed25519_key.
[   12.891086] cloud-init[785]: Your public key has been saved in /etc/ssh/ssh_host_ed25519_key.pub.
[   12.891979] cloud-init[785]: The key fingerprint is:
[   12.892506] cloud-init[785]: SHA256:i3XprsUCt340zEzzNfpep956ASxEYkUQN61YgRkBkZ4 root@ubuntu-bionic
[   12.898857] cloud-init[785]: The key's randomart image is:
[   12.900509] cloud-init[785]: +--[ED25519 256]--+
[   12.901597] cloud-init[785]: |       o+B@Bo    |
[   12.902602] cloud-init[785]: |       ..ooo..   |
[   12.903453] cloud-init[785]: |      . . + o    |
[   12.904320] cloud-init[785]: |       E .o+ oo  |
[   12.904972] cloud-init[785]: |      . S=oo.o.. |
[   12.905781] cloud-init[785]: |       = ** o  . |
[   12.906896] cloud-init[785]: |      . +.+. .  +|
[   12.907895] cloud-init[785]: |       . +.   .+o|
[   12.911810] cloud-init[785]: |        oo.  o=o.|
[   12.917953] cloud-init[785]: +----[SHA256]-----+
[[0;32m  OK  [0m] Started Initial cloud-init job (metadata service crawler).
[[0;32m  OK  [0m] Reached target System Initialization.
[[0;32m  OK  [0m] Listening on D-Bus System Message Bus Socket.
[[0;32m  OK  [0m] Started Daily Cleanup of Temporary Directories.
         Starting Socket activation for snappy daemon.
[[0;32m  OK  [0m] Started Discard unused blocks once a week.
[[0;32m  OK  [0m] Listening on ACPID Listen Socket.
[[0;32m  OK  [0m] Started Daily apt download activities.
[[0;32m  OK  [0m] Started Daily apt upgrade and clean activities.
[[0;32m  OK  [0m] Started Ubuntu Advantage update messaging.
[[0;32m  OK  [0m] Listening on Open-iSCSI iscsid Socket.
         Starting LXD - unix socket.
[[0;32m  OK  [0m] Started Message of the Day.
[[0;32m  OK  [0m] Reached target Timers.
[[0;32m  OK  [0m] Listening on UUID daemon activation socket.
[[0;32m  OK  [0m] Started ACPI Events Check.
[[0;32m  OK  [0m] Reached target Paths.
[[0;32m  OK  [0m] Reached target Cloud-config availability.
[[0;32m  OK  [0m] Reached target Network is Online.
         Starting Availability of block devices...
[[0;32m  OK  [0m] Reached target Remote File Systems (Pre).
[[0;32m  OK  [0m] Reached target Remote File Systems.
[[0;32m  OK  [0m] Listening on Socket activation for snappy daemon.
[[0;32m  OK  [0m] Listening on LXD - unix socket.
[[0;32m  OK  [0m] Started Availability of block devices.
[[0;32m  OK  [0m] Reached target Sockets.
[[0;32m  OK  [0m] Reached target Basic System.
         Starting Accounts Service...
         Starting System Logging Service...
         Starting LSB: automatic crash report generation...
         Starting LSB: Record successful boot for GRUB...
[[0;32m  OK  [0m] Started Regular background program processing daemon.
[[0;32m  OK  [0m] Started irqbalance daemon.
         Starting Dispatcher daemon for systemd-networkd...
[[0;32m  OK  [0m] Started FUSE filesystem for LXC.
         Starting Pollinate to seed the pseudo random number generator...
         Starting Virtualbox guest utils...
         Starting LXD - container startup/shutdown...
[[0;32m  OK  [0m] Started D-Bus System Message Bus.
         Starting Snap Daemon...
[[0;32m  OK  [0m] Started Deferred execution scheduler.
         Starting Login Service...
         Starting Permit User Sessions...
[[0;32m  OK  [0m] Started System Logging Service.
[[0;32m  OK  [0m] Started LXD - container startup/shutdown.
[[0;32m  OK  [0m] Started Permit User Sessions.
[[0;32m  OK  [0m] Started Login Service.
[[0;32m  OK  [0m] Started Unattended Upgrades Shutdown.
         Starting Terminate Plymouth Boot Screen...
         Starting Hold until boot process finishes up...
         Starting Authorization Manager...
[[0;32m  OK  [0m] Started Hold until boot process finishes up.
         Starting Set console scheme...
[[0;32m  OK  [0m] Started Serial Getty on ttyS0.
[[0;32m  OK  [0m] Started Terminate Plymouth Boot Screen.
[[0;32m  OK  [0m] Started Set console scheme.
[[0;32m  OK  [0m] Created slice system-getty.slice.
[[0;32m  OK  [0m] Started Getty on tty1.
[[0;32m  OK  [0m] Reached target Login Prompts.
[[0;32m  OK  [0m] Started LSB: automatic crash report generation.
[[0;32m  OK  [0m] Started LSB: Record successful boot for GRUB.
[[0;32m  OK  [0m] Started Authorization Manager.
[[0;32m  OK  [0m] Started Accounts Service.
[[0;32m  OK  [0m] Started Virtualbox guest utils.
[[0;32m  OK  [0m] Started Dispatcher daemon for systemd-networkd.
[[0;32m  OK  [0m] Started Snap Daemon.
         Starting Wait until snapd is fully seeded...
[[0;32m  OK  [0m] Started Pollinate to seed the pseudo random number generator.
         Starting OpenBSD Secure Shell server...
[[0;32m  OK  [0m] Started OpenBSD Secure Shell server.
[[0;32m  OK  [0m] Created slice User Slice of vagrant.
         Starting User Manager for UID 1000...
[[0;32m  OK  [0m] Started Session 1 of user vagrant.
[[0;32m  OK  [0m] Started Wait until snapd is fully seeded.
         Starting Apply the settings specified in cloud-config...
[[0;32m  OK  [0m] Reached target Multi-User System.
[[0;32m  OK  [0m] Reached target Graphical Interface.
         Starting Update UTMP about System Runlevel Changes...
[[0;32m  OK  [0m] Started User Manager for UID 1000.
[[0;32m  OK  [0m] Started Update UTMP about System Runlevel Changes.
[   16.206865] cloud-init[1291]: Cloud-init v. 21.2-3-g899bfaa9-0ubuntu2~18.04.1 running 'modules:config' at Sun, 03 Oct 2021 17:45:03 +0000. Up 15.57 seconds.
[[0;32m  OK  [0m] Started Apply the settings specified in cloud-config.
         Starting Execute cloud user/final scripts...
ci-info: no authorized SSH keys fingerprints found for user ubuntu.
<14>Oct  3 17:45:04 cloud-init: #############################################################
<14>Oct  3 17:45:04 cloud-init: -----BEGIN SSH HOST KEY FINGERPRINTS-----
<14>Oct  3 17:45:04 cloud-init: 1024 SHA256:rQ2YFF1xDrVAqgIotEF6yyOuzCwgwwNWPVDNmCpcE7Y root@ubuntu-bionic (DSA)
<14>Oct  3 17:45:04 cloud-init: 256 SHA256:yzlfe5LDjNMuEMeN3PbQp3MxSoPZTK0qmnfrnqyTujU root@ubuntu-bionic (ECDSA)
<14>Oct  3 17:45:04 cloud-init: 256 SHA256:i3XprsUCt340zEzzNfpep956ASxEYkUQN61YgRkBkZ4 root@ubuntu-bionic (ED25519)
<14>Oct  3 17:45:04 cloud-init: 2048 SHA256:wzmCFFOBlG0zn1bdNPsPfMZTi99EHmlb/RPDvayhheE root@ubuntu-bionic (RSA)
<14>Oct  3 17:45:04 cloud-init: -----END SSH HOST KEY FINGERPRINTS-----
<14>Oct  3 17:45:04 cloud-init: #############################################################
-----BEGIN SSH HOST KEY KEYS-----
ecdsa-sha2-nistp256 AAAAE2VjZHNhLXNoYTItbmlzdHAyNTYAAAAIbmlzdHAyNTYAAABBBBsCIv2GRz0Ab8Q4LrcBlKXOXwNO0BTx9dW5xEe+EAkYcpy8gpOPPCSPZlx3doSq2bp6IdISM/Kt9EsVsuwda2U= root@ubuntu-bionic
ssh-ed25519 AAAAC3NzaC1lZDI1NTE5AAAAIC+Tk4OedyeaIEv4wxaj1euqKvNChhRDpb43tcUlwxU/ root@ubuntu-bionic
ssh-rsa AAAAB3NzaC1yc2EAAAADAQABAAABAQDdiL6yyj5XTCk+D146UB6Vz/a35vCgmFvQoQD8K/BIEQdlwDede9N1b08nKqQ9jTvEHHZw6GN/5NdtvOmmiOuXl0sI+aCoOrmgACoffPj+Py7EQaDffIddJmi2chQfMsuWJNXAOmsgTKnyVX1dWq9iUSKw64tk+9br3A8L8nUiGa8mhbZ2QGDJJoCl35rRSJsOV6K0M48utWaRfNpfPZCyd8IE/rahhrPr6s/xUWJevNqbZDA+zbEyLJvVRK0YCsFqfxO/m4lD0NUOth1MfNUr7EjaS4nfhPvfr2JHDjkZTbj0yBJr7ZJfed1FxtwKFoNAcu/hRvBgsuXJszkXObkr root@ubuntu-bionic
-----END SSH HOST KEY KEYS-----
[   16.900901] cloud-init[1387]: Cloud-init v. 21.2-3-g899bfaa9-0ubuntu2~18.04.1 running 'modules:final' at Sun, 03 Oct 2021 17:45:04 +0000. Up 16.65 seconds.
[   16.902549] cloud-init[1387]: ci-info: no authorized SSH keys fingerprints found for user ubuntu.
[   16.903615] cloud-init[1387]: Cloud-init v. 21.2-3-g899bfaa9-0ubuntu2~18.04.1 finished at Sun, 03 Oct 2021 17:45:04 +0000. Datasource DataSourceNoCloud [seed=/dev/sdb][dsmode=net].  Up 16.89 seconds
[[0;32m  OK  [0m] Started Execute cloud user/final scripts.
[[0;32m  OK  [0m] Reached target Cloud-init target.

Ubuntu 18.04.5 LTS ubuntu-bionic ttyS0

ubuntu-bionic login: 